<?xml version="1.0" encoding="UTF-8"?>
<testsuite xmlns:xsi="http://www.w3.org/2001/XMLSchema-instance" xsi:noNamespaceSchemaLocation="https://maven.apache.org/surefire/maven-surefire-plugin/xsd/surefire-test-report-3.0.xsd" version="3.0" name="com.mycompany.bankingsystemasync.BankingServiceTest" time="4.083" tests="2" errors="0" skipped="0" failures="0">
  <properties>
[...]
</properties>
  <testcase name="testTransactionSuccess" classname="com.mycompany.bankingsystemasync.BankingServiceTest" time="3.048">
    <system-out><![CDATA[[pool-2-thread-1] Đang xác thực: NguyenVanA...
[pool-2-thread-2] Đang kiểm tra số dư cho: NguyenVanA...
[pool-2-thread-3] Đang chuyển khoản: $100.0...
]]></system-out>
  </testcase>
  <testcase name="testTransactionFailureWithUnknownUser" classname="com.mycompany.bankingsystemasync.BankingServiceTest" time="1.005">
    <system-out><![CDATA[[pool-2-thread-1] Đang xác thực: unknown...
]]></system-out>
  </testcase>
</testsuite>